<?xml version="1.0" encoding="UTF-8"?>
<testsuite xmlns:xsi="http://www.w3.org/2001/XMLSchema-instance" xsi:noNamespaceSchemaLocation="https://maven.apache.org/surefire/maven-surefire-plugin/xsd/surefire-test-report-3.0.xsd" version="3.0" name="com.springcore.AppTest" time="0.009" tests="1" errors="0" skipped="0" failures="0">
  <properties>
    <property name="java.specification.version" value="17"/>
    <property name="sun.jnu.encoding" value="UTF-8"/>
    <property name="java.class.path" value="/Users/trushantramdasjadhav/eclipse-workspace/springcore/target/test-classes:/Users/trushantramdasjadhav/eclipse-workspace/springcore/target/classes:/Users/trushantramdasjadhav/.m2/repository/org/springframework/spring-core/5.3.33/spring-core-5.3.33.jar:/Users/trushantramdasjadhav/.m2/repository/org/springframework/spring-jcl/5.3.33/spring-jcl-5.3.33.jar:/Users/trushantramdasjadhav/.m2/repository/org/springframework/spring-context/5.3.33/spring-context-5.3.33.jar:/Users/trushantramdasjadhav/.m2/repository/org/springframework/spring-aop/5.3.33/spring-aop-5.3.33.jar:/Users/trushantramdasjadhav/.m2/repository/org/springframework/spring-beans/5.3.33/spring-beans-5.3.33.jar:/Users/trushantramdasjadhav/.m2/repository/org/springframework/spring-expression/5.3.33/spring-expression-5.3.33.jar:/Users/trushantramdasjadhav/.m2/repository/junit/junit/3.8.1/junit-3.8.1.jar:"/>
    <property name="java.vm.vendor" value="Oracle Corporation"/>
    <property name="sun.arch.data.model" value="64"/>
    <property name="java.vendor.url" value="https://java.oracle.com/"/>
    <property name="os.name" value="Mac OS X"/>
    <property name="java.vm.specification.version" value="17"/>
    <property name="sun.java.launcher" value="SUN_STANDARD"/>
    <property name="user.country" value="IN"/>
    <property name="sun.boot.library.path" value="/Library/Java/JavaVirtualMachines/jdk-17.jdk/Contents/Home/lib"/>
    <property name="sun.java.command" value="/Users/trushantramdasjadhav/eclipse-workspace/springcore/target/surefire/surefirebooter-20240506204427492_3.jar /Users/trushantramdasjadhav/eclipse-workspace/springcore/target/surefire 2024-05-06T20-44-27_363-jvmRun1 surefire-20240506204427492_1tmp surefire_0-20240506204427492_2tmp"/>
    <property name="http.nonProxyHosts" value="local|*.local|169.254/16|*.169.254/16"/>
    <property name="jdk.debug" value="release"/>
    <property name="surefire.test.class.path" value="/Users/trushantramdasjadhav/eclipse-workspace/springcore/target/test-classes:/Users/trushantramdasjadhav/eclipse-workspace/springcore/target/classes:/Users/trushantramdasjadhav/.m2/repository/org/springframework/spring-core/5.3.33/spring-core-5.3.33.jar:/Users/trushantramdasjadhav/.m2/repository/org/springframework/spring-jcl/5.3.33/spring-jcl-5.3.33.jar:/Users/trushantramdasjadhav/.m2/repository/org/springframework/spring-context/5.3.33/spring-context-5.3.33.jar:/Users/trushantramdasjadhav/.m2/repository/org/springframework/spring-aop/5.3.33/spring-aop-5.3.33.jar:/Users/trushantramdasjadhav/.m2/repository/org/springframework/spring-beans/5.3.33/spring-beans-5.3.33.jar:/Users/trushantramdasjadhav/.m2/repository/org/springframework/spring-expression/5.3.33/spring-expression-5.3.33.jar:/Users/trushantramdasjadhav/.m2/repository/junit/junit/3.8.1/junit-3.8.1.jar:"/>
    <property name="sun.cpu.endian" value="little"/>
    <property name="user.home" value="/Users/trushantramdasjadhav"/>
    <property name="user.language" value="en"/>
    <property name="java.specification.vendor" value="Oracle Corporation"/>
    <property name="java.version.date" value="2023-10-17"/>
    <property name="java.home" value="/Library/Java/JavaVirtualMachines/jdk-17.jdk/Contents/Home"/>
    <property name="file.separator" value="/"/>
    <property name="style.color" value="always"/>
    <property name="basedir" value="/Users/trushantramdasjadhav/eclipse-workspace/springcore"/>
    <property name="java.vm.compressedOopsMode" value="Zero based"/>
    <property name="line.separator" value="&#10;"/>
    <property name="java.specification.name" value="Java Platform API Specification"/>
    <property name="java.vm.specification.vendor" value="Oracle Corporation"/>
    <property name="surefire.real.class.path" value="/Users/trushantramdasjadhav/eclipse-workspace/springcore/target/surefire/surefirebooter-20240506204427492_3.jar"/>
    <property name="sun.management.compiler" value="HotSpot 64-Bit Tiered Compilers"/>
    <property name="ftp.nonProxyHosts" value="local|*.local|169.254/16|*.169.254/16"/>
    <property name="java.runtime.version" value="17.0.9+11-LTS-201"/>
    <property name="user.name" value="trushantramdasjadhav"/>
    <property name="path.separator" value=":"/>
    <property name="os.version" value="14.2.1"/>
    <property name="java.runtime.name" value="Java(TM) SE Runtime Environment"/>
    <property name="file.encoding" value="UTF-8"/>
    <property name="java.vm.name" value="Java HotSpot(TM) 64-Bit Server VM"/>
    <property name="localRepository" value="/Users/trushantramdasjadhav/.m2/repository"/>
    <property name="java.vendor.url.bug" value="https://bugreport.java.com/bugreport/"/>
    <property name="java.io.tmpdir" value="/var/folders/vr/p2kd21515tlc1hwpsp68xxr00000gn/T/"/>
    <property name="java.version" value="17.0.9"/>
    <property name="user.dir" value="/Users/trushantramdasjadhav/eclipse-workspace/springcore"/>
    <property name="os.arch" value="aarch64"/>
    <property name="java.vm.specification.name" value="Java Virtual Machine Specification"/>
    <property name="native.encoding" value="UTF-8"/>
    <property name="java.library.path" value="/Users/trushantramdasjadhav/Library/Java/Extensions:/Library/Java/Extensions:/Network/Library/Java/Extensions:/System/Library/Java/Extensions:/usr/lib/java:."/>
    <property name="java.vm.info" value="mixed mode, sharing"/>
    <property name="java.vendor" value="Oracle Corporation"/>
    <property name="java.vm.version" value="17.0.9+11-LTS-201"/>
    <property name="sun.io.unicode.encoding" value="UnicodeBig"/>
    <property name="socksNonProxyHosts" value="local|*.local|169.254/16|*.169.254/16"/>
    <property name="java.class.version" value="61.0"/>
  </properties>
  <testcase name="testApp" classname="com.springcore.AppTest" time="0.001"/>
</testsuite>